<?xml version="1.0" encoding="UTF-8"?>
<!-- Generated by org.testng.reporters.JUnitReportReporter -->
<testsuite hostname="DESKTOP-RMDCP2H" failures="0" tests="1" name="com.orange.hrm.test.LoginTest" time="4.878" errors="0" timestamp="2023-09-13T15:42:22 IST" skipped="0">
  <testcase classname="com.orange.hrm.test.LoginTest" name="loginWithValidUserNameAndValidPassword" time="4.878"/>
</testsuite> <!-- com.orange.hrm.test.LoginTest -->
