<?xml version="1.0" encoding="UTF-8"?>
<!-- Generated by org.testng.reporters.JUnitReportReporter -->
<testsuite hostname="DESKTOP-RMDCP2H" failures="0" tests="3" name="com.test.OrangeHRMTest" time="19.783" errors="0" timestamp="2023-09-04T13:18:14 IST" skipped="0">
  <testcase classname="com.test.OrangeHRMTest" name="login" time="12.794"/>
  <testcase classname="com.test.OrangeHRMTest" name="testAdmin" time="5.378"/>
  <testcase classname="com.test.OrangeHRMTest" name="testLogout" time="1.611"/>
</testsuite> <!-- com.test.OrangeHRMTest -->
