<?xml version="1.0" encoding="UTF-8"?>
<!-- Generated by org.testng.reporters.JUnitReportReporter -->
<testsuite hostname="DESKTOP-RMDCP2H" failures="0" tests="1" name="com.test.TestCase" time="2.966" errors="0" timestamp="2023-09-05T16:41:49 IST" skipped="0">
  <testcase classname="com.test.TestCase" name="login" time="2.966"/>
</testsuite> <!-- com.test.TestCase -->
