<?xml version="1.0" encoding="UTF-8"?>
<!-- Generated by org.testng.reporters.JUnitReportReporter -->
<testsuite hostname="DESKTOP-RMDCP2H" failures="0" tests="3" name="com.test.OrangeHRMTest" time="27.164" errors="0" timestamp="2023-08-28T13:49:18 IST" skipped="0">
  <testcase classname="com.test.OrangeHRMTest" name="login" time="19.591"/>
  <testcase classname="com.test.OrangeHRMTest" name="testAdmin" time="5.929"/>
  <testcase classname="com.test.OrangeHRMTest" name="testLogout" time="1.644"/>
</testsuite> <!-- com.test.OrangeHRMTest -->
